<?xml version="1.0" encoding="UTF-8"?>
<testng-results ignored="0" total="1" passed="1" failed="0" skipped="0">
  <reporter-output>
  </reporter-output>
  <suite started-at="2026-01-07T23:07:20 IST" name="Default suite" finished-at="2026-01-07T23:07:44 IST" duration-ms="23540">
    <groups>
    </groups>
    <test started-at="2026-01-07T23:07:20 IST" name="Default test" finished-at="2026-01-07T23:07:44 IST" duration-ms="23540">
      <class name="wiz.web.qa.testcases.RegisterPageTest">
        <test-method is-config="true" signature="setup()[pri:0, instance:wiz.web.qa.testcases.RegisterPageTest@4135c3b]" started-at="2026-01-07T23:07:20 IST" name="setup" finished-at="2026-01-07T23:07:35 IST" duration-ms="14174" status="PASS">
          <reporter-output>
          </reporter-output>
        </test-method> <!-- setup -->
        <test-method signature="validationOfCredTest()[pri:0, instance:wiz.web.qa.testcases.RegisterPageTest@4135c3b]" started-at="2026-01-07T23:07:35 IST" name="validationOfCredTest" finished-at="2026-01-07T23:07:41 IST" duration-ms="6041" status="PASS">
          <reporter-output>
          </reporter-output>
        </test-method> <!-- validationOfCredTest -->
        <test-method is-config="true" signature="TearDown()[pri:0, instance:wiz.web.qa.testcases.RegisterPageTest@4135c3b]" started-at="2026-01-07T23:07:41 IST" name="TearDown" finished-at="2026-01-07T23:07:44 IST" duration-ms="3288" status="PASS">
          <reporter-output>
          </reporter-output>
        </test-method> <!-- TearDown -->
      </class> <!-- wiz.web.qa.testcases.RegisterPageTest -->
    </test> <!-- Default test -->
  </suite> <!-- Default suite -->
</testng-results>
