<?xml version="1.0" encoding="UTF-8"?>
<!-- Generated by org.testng.reporters.JUnitReportReporter -->
<testsuite hostname="Arifas-MacBook-Pro.local" failures="0" tests="3" name="wiz.web.qa.testcases.LoginPageTest" time="41.408" errors="0" timestamp="2026-01-07T22:41:43 IST" skipped="0">
  <testcase classname="wiz.web.qa.testcases.LoginPageTest" name="validationOfLoginTest" time="11.948"/>
  <testcase classname="wiz.web.qa.testcases.LoginPageTest" name="validationOfLoginCtaTest" time="12.697"/>
  <testcase classname="wiz.web.qa.testcases.LoginPageTest" name="validationOfRegisterCTATest" time="16.763"/>
</testsuite> <!-- wiz.web.qa.testcases.LoginPageTest -->
